2014-04-22 14:45:41,741 INFO  [Log] **************************************************************************************** 
2014-04-22 14:45:41,742 INFO  [Log] **************************************************************************************** 
2014-04-22 14:45:41,742 INFO  [Log] $$$$$$$$$$$$$$$$$$$$$                 Framework_001       $$$$$$$$$$$$$$$$$$$$$$$$$ 
2014-04-22 14:45:41,742 INFO  [Log] **************************************************************************************** 
2014-04-22 14:45:41,743 INFO  [Log] **************************************************************************************** 
2014-04-22 14:45:42,302 INFO  [Log] Excel sheet opened 
2014-04-22 14:45:42,302 INFO  [Log] Total number of Row used return as < 2 >. 
2014-04-22 14:45:59,257 INFO  [Log] New driver instantiated 
2014-04-22 14:45:59,358 INFO  [Log] Implicit wait applied on the driver for 10 seconds 
2014-04-22 14:46:12,211 INFO  [Log] Web application launched successfully 
2014-04-22 14:46:12,488 INFO  [Log] My Account link is found on the Home Page 
2014-04-22 14:46:12,588 INFO  [Log] Click action is perfromed on My Account link 
2014-04-22 14:46:17,885 INFO  [Log] Username text box is found on the Login Page 
2014-04-22 14:46:17,956 INFO  [Log] testuser_1 is entered in UserName text box 
2014-04-22 14:46:17,977 INFO  [Log] Password text box is found on the Login page 
2014-04-22 14:46:18,039 INFO  [Log] Test@123 is entered in Password text box 
2014-04-22 14:46:18,055 INFO  [Log] Submit button is found on the Login page 
2014-04-22 14:46:18,715 INFO  [Log] Click action is performed on Submit button 
2014-04-22 14:46:31,327 INFO  [Log] Log Out link is found on the Home Page 
2014-04-22 14:46:31,574 INFO  [Log] Product category link is found under Top Navigation 
2014-04-22 14:46:31,927 INFO  [Log] Accessories link is found under Product Category 
2014-04-22 14:46:32,006 INFO  [Log] Click action is performed on the selected Product Type 
2014-04-22 14:46:32,007 INFO  [Log] Product Type Accessories is selected from the Top menu 
2014-04-22 14:46:37,285 INFO  [Log] Add to Cart button is found for Product 2 
2014-04-22 14:46:37,458 INFO  [Log] Product 2 is selected from the Product listing page 
2014-04-22 14:46:38,517 INFO  [Log] Go to Cart button is found on the Cart Pop Up window 
2014-04-22 14:46:41,771 INFO  [Log] Product Name for purchased product is found on the Check Out Page 
2014-04-22 14:46:41,824 INFO  [Log] Product Price for purchased product is found on the Check Out Page 
2014-04-22 14:46:41,860 INFO  [Log] Continue button is found on the Check Out Page 
2014-04-22 14:46:41,957 INFO  [Log] Email text box on Payment Details page is found. 
2014-04-22 14:46:43,029 INFO  [Log] Email text box on Payment Details page is found. 
2014-04-22 14:46:43,108 INFO  [Log] tooolsqa@gmail.com is entered as First Name on the Payment detail page 
2014-04-22 14:46:43,126 INFO  [Log] First Name text box on Payment Details page is found. 
2014-04-22 14:46:43,201 INFO  [Log] First Name text box on Payment Details page is found. 
2014-04-22 14:46:43,356 INFO  [Log] Lakshay is entered as First Name on the Payment detail page 
2014-04-22 14:46:43,366 INFO  [Log] Last Name text box on Payment Details page is found. 
2014-04-22 14:46:43,453 INFO  [Log] Last Name text box on Payment Details page is found. 
2014-04-22 14:46:43,560 INFO  [Log] Sharma is entered as Last Name on the Payment detail page 
2014-04-22 14:46:43,568 INFO  [Log] Address text box on Payment Details page is found. 
2014-04-22 14:46:43,756 INFO  [Log] Address text box on Payment Details page is found. 
2014-04-22 14:46:44,151 INFO  [Log] 35, Marconi House, Walker Road is entered as Address on the Payment detail page 
2014-04-22 14:46:44,162 INFO  [Log] City text box on Payment Details page is found. 
2014-04-22 14:46:44,244 INFO  [Log] City text box on Payment Details page is found. 
2014-04-22 14:46:44,393 INFO  [Log] Newcastle is entered as City on the Payment detail page 
2014-04-22 14:46:44,509 INFO  [Log] Country dropdown on Payment Details page is found. 
2014-04-22 14:46:44,570 INFO  [Log] United Kingdom is Selected as Country on the Payment detail page 
2014-04-22 14:46:44,633 INFO  [Log] Phone text box on Payment Details page is found. 
2014-04-22 14:46:44,740 INFO  [Log] Phone text box on Payment Details page is found. 
2014-04-22 14:46:44,868 INFO  [Log] 07777777777 is entered as Phone on the Payment detail page 
2014-04-22 14:46:44,876 INFO  [Log] Same as Billing address check box on Payment Details page is found. 
2014-04-22 14:46:44,890 INFO  [Log] Purchase button on Payment Details page is found. 
2014-04-22 14:46:47,948 INFO  [Log] Click action is performed on Purchase button on the Payment detail page 
2014-04-22 14:46:47,959 INFO  [Log] Product name is found on the Confirmation Page 
2014-04-22 14:46:47,985 INFO  [Log] Product price is found on the Confirmation Page 
2014-04-22 14:46:48,185 INFO  [Log] XXXXXXXXXXXXXXXXXXXXXXX             -E---N---D-             XXXXXXXXXXXXXXXXXXXXXX 
2014-04-22 14:46:48,185 INFO  [Log] X 
2014-04-22 14:46:48,185 INFO  [Log] X 
2014-04-22 14:46:48,186 INFO  [Log] X 
2014-04-22 14:46:48,186 INFO  [Log] X 
2014-04-22 17:32:40,212 INFO  [Log] New driver instantiated 
2014-04-22 17:32:40,227 INFO  [Log] Implicit wait applied on the driver for 10 seconds 
2014-04-22 17:32:58,881 INFO  [Log] Web application launched 
2014-04-22 17:32:59,000 INFO  [Log] Click action performed on My Account link 
2014-04-22 17:35:15,781 INFO  [Log] New driver instantiated 
2014-04-22 17:35:15,799 INFO  [Log] Implicit wait applied on the driver for 10 seconds 
2014-04-22 17:35:33,430 INFO  [Log] Web application launched 
2014-04-22 17:35:33,539 INFO  [Log] Click action performed on My Account link 
2014-04-22 17:47:58,080 INFO  [Log] New driver instantiated 
2014-04-22 17:47:58,101 INFO  [Log] Implicit wait applied on the driver for 10 seconds 
2014-04-22 17:48:15,116 INFO  [Log] Web application launched 
2014-04-22 17:48:36,220 INFO  [Log] Click action performed on My Account link 
2014-04-22 17:48:37,787 INFO  [Log] Username entered in the Username text box 
2014-04-22 17:48:37,877 INFO  [Log] Password entered in the Password text box 
2014-04-22 17:48:38,576 INFO  [Log] Click action performed on Submit button 
2014-04-22 17:48:45,875 INFO  [Log] Click action performed on Log out link 
2014-04-22 17:48:46,110 INFO  [Log] Browser closed 
2017-11-16 22:37:30,157 INFO  [Log] **************************************************************************************** 
2017-11-16 22:37:30,158 INFO  [Log] **************************************************************************************** 
2017-11-16 22:37:30,158 INFO  [Log] $$$$$$$$$$$$$$$$$$$$$                 Framework_001       $$$$$$$$$$$$$$$$$$$$$$$$$ 
2017-11-16 22:37:30,158 INFO  [Log] **************************************************************************************** 
2017-11-16 22:37:30,158 INFO  [Log] **************************************************************************************** 
2017-11-16 22:41:11,611 INFO  [Log] **************************************************************************************** 
2017-11-16 22:41:11,612 INFO  [Log] **************************************************************************************** 
2017-11-16 22:41:11,612 INFO  [Log] $$$$$$$$$$$$$$$$$$$$$                 Framework_001       $$$$$$$$$$$$$$$$$$$$$$$$$ 
2017-11-16 22:41:11,612 INFO  [Log] **************************************************************************************** 
2017-11-16 22:41:11,612 INFO  [Log] **************************************************************************************** 
2017-11-16 22:42:04,313 INFO  [Log] **************************************************************************************** 
2017-11-16 22:42:04,314 INFO  [Log] **************************************************************************************** 
2017-11-16 22:42:04,314 INFO  [Log] $$$$$$$$$$$$$$$$$$$$$                 Framework_001       $$$$$$$$$$$$$$$$$$$$$$$$$ 
2017-11-16 22:42:04,314 INFO  [Log] **************************************************************************************** 
2017-11-16 22:42:04,314 INFO  [Log] **************************************************************************************** 
2017-11-16 22:42:43,965 INFO  [Log] **************************************************************************************** 
2017-11-16 22:42:43,965 INFO  [Log] **************************************************************************************** 
2017-11-16 22:42:43,965 INFO  [Log] $$$$$$$$$$$$$$$$$$$$$                 Framework_001       $$$$$$$$$$$$$$$$$$$$$$$$$ 
2017-11-16 22:42:43,965 INFO  [Log] **************************************************************************************** 
2017-11-16 22:42:43,965 INFO  [Log] **************************************************************************************** 
2017-11-16 22:42:44,475 INFO  [Log] Excel sheet opened 
2017-11-16 22:42:44,475 INFO  [Log] Total number of Row used return as < 2 >. 
2017-11-16 22:42:44,621 ERROR [Log] Class Utils | Method OpenBrowser | Exception desc : The path to the driver executable must be set by the webdriver.gecko.driver system property; for more information, see https://github.com/mozilla/geckodriver. The latest version can be downloaded from https://github.com/mozilla/geckodriver/releases 
2017-11-16 22:42:44,632 ERROR [Log] My Acocunt link is not found on the Home Page 
2017-11-16 22:42:44,742 ERROR [Log] Class Utils | Method takeScreenshot | Exception occured while capturing ScreenShot : null 
2017-11-16 22:42:44,746 INFO  [Log] XXXXXXXXXXXXXXXXXXXXXXX             -E---N---D-             XXXXXXXXXXXXXXXXXXXXXX 
2017-11-16 22:42:44,746 INFO  [Log] X 
2017-11-16 22:42:44,746 INFO  [Log] X 
2017-11-16 22:42:44,746 INFO  [Log] X 
2017-11-16 22:42:44,746 INFO  [Log] X 
2017-11-16 22:44:42,055 INFO  [Log] **************************************************************************************** 
2017-11-16 22:44:42,055 INFO  [Log] **************************************************************************************** 
2017-11-16 22:44:42,055 INFO  [Log] $$$$$$$$$$$$$$$$$$$$$                 Framework_001       $$$$$$$$$$$$$$$$$$$$$$$$$ 
2017-11-16 22:44:42,055 INFO  [Log] **************************************************************************************** 
2017-11-16 22:44:42,055 INFO  [Log] **************************************************************************************** 
2017-11-16 22:44:42,554 INFO  [Log] Excel sheet opened 
2017-11-16 22:44:42,555 INFO  [Log] Total number of Row used return as < 2 >. 
2017-11-16 22:44:42,667 ERROR [Log] Class Utils | Method OpenBrowser | Exception desc : The path to the driver executable must be set by the webdriver.gecko.driver system property; for more information, see https://github.com/mozilla/geckodriver. The latest version can be downloaded from https://github.com/mozilla/geckodriver/releases 
2017-11-16 22:44:42,675 ERROR [Log] My Acocunt link is not found on the Home Page 
2017-11-16 22:44:42,742 ERROR [Log] Class Utils | Method takeScreenshot | Exception occured while capturing ScreenShot : null 
2017-11-16 22:44:42,746 INFO  [Log] XXXXXXXXXXXXXXXXXXXXXXX             -E---N---D-             XXXXXXXXXXXXXXXXXXXXXX 
2017-11-16 22:44:42,746 INFO  [Log] X 
2017-11-16 22:44:42,746 INFO  [Log] X 
2017-11-16 22:44:42,746 INFO  [Log] X 
2017-11-16 22:44:42,746 INFO  [Log] X 
2017-11-16 22:45:44,830 INFO  [Log] **************************************************************************************** 
2017-11-16 22:45:44,831 INFO  [Log] **************************************************************************************** 
2017-11-16 22:45:44,831 INFO  [Log] $$$$$$$$$$$$$$$$$$$$$                 Framework_002       $$$$$$$$$$$$$$$$$$$$$$$$$ 
2017-11-16 22:45:44,831 INFO  [Log] **************************************************************************************** 
2017-11-16 22:45:44,831 INFO  [Log] **************************************************************************************** 
2017-11-16 22:45:45,308 INFO  [Log] Excel sheet opened 
2017-11-16 22:45:45,308 INFO  [Log] Total number of Row used return as < 2 >. 
2017-11-16 22:45:45,419 ERROR [Log] Class Utils | Method OpenBrowser | Exception desc : The path to the driver executable must be set by the webdriver.gecko.driver system property; for more information, see https://github.com/mozilla/geckodriver. The latest version can be downloaded from https://github.com/mozilla/geckodriver/releases 
2017-11-16 22:45:45,427 ERROR [Log] My Acocunt link is not found on the Home Page 
2017-11-16 22:45:45,503 ERROR [Log] Class Utils | Method takeScreenshot | Exception occured while capturing ScreenShot : null 
2017-11-16 22:45:45,507 INFO  [Log] XXXXXXXXXXXXXXXXXXXXXXX             -E---N---D-             XXXXXXXXXXXXXXXXXXXXXX 
2017-11-16 22:45:45,507 INFO  [Log] X 
2017-11-16 22:45:45,507 INFO  [Log] X 
2017-11-16 22:45:45,507 INFO  [Log] X 
2017-11-16 22:45:45,507 INFO  [Log] X 
2017-11-16 22:45:45,535 INFO  [Log] **************************************************************************************** 
2017-11-16 22:45:45,535 INFO  [Log] **************************************************************************************** 
2017-11-16 22:45:45,535 INFO  [Log] $$$$$$$$$$$$$$$$$$$$$                 Framework_001       $$$$$$$$$$$$$$$$$$$$$$$$$ 
2017-11-16 22:45:45,535 INFO  [Log] **************************************************************************************** 
2017-11-16 22:45:45,535 INFO  [Log] **************************************************************************************** 
2017-11-16 22:45:45,614 INFO  [Log] Excel sheet opened 
2017-11-16 22:45:45,614 INFO  [Log] Total number of Row used return as < 2 >. 
2017-11-16 22:45:45,616 ERROR [Log] Class Utils | Method OpenBrowser | Exception desc : The path to the driver executable must be set by the webdriver.gecko.driver system property; for more information, see https://github.com/mozilla/geckodriver. The latest version can be downloaded from https://github.com/mozilla/geckodriver/releases 
2017-11-16 22:45:45,618 ERROR [Log] My Acocunt link is not found on the Home Page 
2017-11-16 22:45:45,651 ERROR [Log] Class Utils | Method takeScreenshot | Exception occured while capturing ScreenShot : null 
2017-11-16 22:45:45,654 INFO  [Log] XXXXXXXXXXXXXXXXXXXXXXX             -E---N---D-             XXXXXXXXXXXXXXXXXXXXXX 
2017-11-16 22:45:45,654 INFO  [Log] X 
2017-11-16 22:45:45,654 INFO  [Log] X 
2017-11-16 22:45:45,654 INFO  [Log] X 
2017-11-16 22:45:45,654 INFO  [Log] X 
2017-11-16 22:47:10,955 INFO  [Log] **************************************************************************************** 
2017-11-16 22:47:10,956 INFO  [Log] **************************************************************************************** 
2017-11-16 22:47:10,956 INFO  [Log] $$$$$$$$$$$$$$$$$$$$$                 Framework_002       $$$$$$$$$$$$$$$$$$$$$$$$$ 
2017-11-16 22:47:10,956 INFO  [Log] **************************************************************************************** 
2017-11-16 22:47:10,957 INFO  [Log] **************************************************************************************** 
2017-11-16 22:47:11,492 INFO  [Log] Excel sheet opened 
2017-11-16 22:47:11,492 INFO  [Log] Total number of Row used return as < 2 >. 
2017-11-16 22:47:11,616 ERROR [Log] Class Utils | Method OpenBrowser | Exception desc : The path to the driver executable must be set by the webdriver.gecko.driver system property; for more information, see https://github.com/mozilla/geckodriver. The latest version can be downloaded from https://github.com/mozilla/geckodriver/releases 
2017-11-16 22:47:11,623 ERROR [Log] My Acocunt link is not found on the Home Page 
2017-11-16 22:47:11,693 ERROR [Log] Class Utils | Method takeScreenshot | Exception occured while capturing ScreenShot : null 
2017-11-16 22:47:11,696 INFO  [Log] XXXXXXXXXXXXXXXXXXXXXXX             -E---N---D-             XXXXXXXXXXXXXXXXXXXXXX 
2017-11-16 22:47:11,697 INFO  [Log] X 
2017-11-16 22:47:11,697 INFO  [Log] X 
2017-11-16 22:47:11,697 INFO  [Log] X 
2017-11-16 22:47:11,697 INFO  [Log] X 
2017-11-16 22:47:11,707 INFO  [Log] **************************************************************************************** 
2017-11-16 22:47:11,707 INFO  [Log] **************************************************************************************** 
2017-11-16 22:47:11,707 INFO  [Log] $$$$$$$$$$$$$$$$$$$$$                 Framework_001       $$$$$$$$$$$$$$$$$$$$$$$$$ 
2017-11-16 22:47:11,707 INFO  [Log] **************************************************************************************** 
2017-11-16 22:47:11,707 INFO  [Log] **************************************************************************************** 
2017-11-16 22:47:11,743 INFO  [Log] Excel sheet opened 
2017-11-16 22:47:11,743 INFO  [Log] Total number of Row used return as < 2 >. 
2017-11-16 22:47:11,744 ERROR [Log] Class Utils | Method OpenBrowser | Exception desc : The path to the driver executable must be set by the webdriver.gecko.driver system property; for more information, see https://github.com/mozilla/geckodriver. The latest version can be downloaded from https://github.com/mozilla/geckodriver/releases 
2017-11-16 22:47:11,746 ERROR [Log] My Acocunt link is not found on the Home Page 
2017-11-16 22:47:11,767 ERROR [Log] Class Utils | Method takeScreenshot | Exception occured while capturing ScreenShot : null 
2017-11-16 22:47:11,769 INFO  [Log] XXXXXXXXXXXXXXXXXXXXXXX             -E---N---D-             XXXXXXXXXXXXXXXXXXXXXX 
2017-11-16 22:47:11,769 INFO  [Log] X 
2017-11-16 22:47:11,769 INFO  [Log] X 
2017-11-16 22:47:11,769 INFO  [Log] X 
2017-11-16 22:47:11,769 INFO  [Log] X 
2017-11-16 22:47:33,381 INFO  [Log] **************************************************************************************** 
2017-11-16 22:47:33,381 INFO  [Log] **************************************************************************************** 
2017-11-16 22:47:33,381 INFO  [Log] $$$$$$$$$$$$$$$$$$$$$                 Framework_001       $$$$$$$$$$$$$$$$$$$$$$$$$ 
2017-11-16 22:47:33,381 INFO  [Log] **************************************************************************************** 
2017-11-16 22:47:33,381 INFO  [Log] **************************************************************************************** 
2017-11-16 22:47:33,962 INFO  [Log] Excel sheet opened 
2017-11-16 22:47:33,962 INFO  [Log] Total number of Row used return as < 2 >. 
2017-11-16 22:47:34,082 ERROR [Log] Class Utils | Method OpenBrowser | Exception desc : The path to the driver executable must be set by the webdriver.gecko.driver system property; for more information, see https://github.com/mozilla/geckodriver. The latest version can be downloaded from https://github.com/mozilla/geckodriver/releases 
2017-11-16 22:47:34,091 ERROR [Log] My Acocunt link is not found on the Home Page 
2017-11-16 22:47:34,163 ERROR [Log] Class Utils | Method takeScreenshot | Exception occured while capturing ScreenShot : null 
2017-11-16 22:47:34,166 INFO  [Log] XXXXXXXXXXXXXXXXXXXXXXX             -E---N---D-             XXXXXXXXXXXXXXXXXXXXXX 
2017-11-16 22:47:34,166 INFO  [Log] X 
2017-11-16 22:47:34,166 INFO  [Log] X 
2017-11-16 22:47:34,166 INFO  [Log] X 
2017-11-16 22:47:34,166 INFO  [Log] X 
2017-11-16 22:51:13,465 INFO  [Log] **************************************************************************************** 
2017-11-16 22:51:13,466 INFO  [Log] **************************************************************************************** 
2017-11-16 22:51:13,466 INFO  [Log] $$$$$$$$$$$$$$$$$$$$$                 Framework_001       $$$$$$$$$$$$$$$$$$$$$$$$$ 
2017-11-16 22:51:13,466 INFO  [Log] **************************************************************************************** 
2017-11-16 22:51:13,466 INFO  [Log] **************************************************************************************** 
2017-11-16 22:51:14,066 INFO  [Log] Excel sheet opened 
2017-11-16 22:51:14,067 INFO  [Log] Total number of Row used return as < 2 >. 
2017-11-16 22:51:14,176 ERROR [Log] Class Utils | Method OpenBrowser | Exception desc : The path to the driver executable must be set by the webdriver.gecko.driver system property; for more information, see https://github.com/mozilla/geckodriver. The latest version can be downloaded from https://github.com/mozilla/geckodriver/releases 
2017-11-16 22:51:14,184 ERROR [Log] My Acocunt link is not found on the Home Page 
2017-11-16 22:51:14,255 ERROR [Log] Class Utils | Method takeScreenshot | Exception occured while capturing ScreenShot : null 
2017-11-16 22:51:14,258 INFO  [Log] XXXXXXXXXXXXXXXXXXXXXXX             -E---N---D-             XXXXXXXXXXXXXXXXXXXXXX 
2017-11-16 22:51:14,258 INFO  [Log] X 
2017-11-16 22:51:14,258 INFO  [Log] X 
2017-11-16 22:51:14,259 INFO  [Log] X 
2017-11-16 22:51:14,259 INFO  [Log] X 
2017-11-16 22:51:58,271 INFO  [Log] **************************************************************************************** 
2017-11-16 22:51:58,271 INFO  [Log] **************************************************************************************** 
2017-11-16 22:51:58,272 INFO  [Log] $$$$$$$$$$$$$$$$$$$$$                 Framework_001       $$$$$$$$$$$$$$$$$$$$$$$$$ 
2017-11-16 22:51:58,272 INFO  [Log] **************************************************************************************** 
2017-11-16 22:51:58,272 INFO  [Log] **************************************************************************************** 
2017-11-16 22:51:58,796 INFO  [Log] Excel sheet opened 
2017-11-16 22:51:58,796 INFO  [Log] Total number of Row used return as < 2 >. 
2017-11-16 22:51:58,924 ERROR [Log] Class Utils | Method OpenBrowser | Exception desc : The path to the driver executable must be set by the webdriver.gecko.driver system property; for more information, see https://github.com/mozilla/geckodriver. The latest version can be downloaded from https://github.com/mozilla/geckodriver/releases 
2017-11-16 22:51:58,932 ERROR [Log] My Acocunt link is not found on the Home Page 
2017-11-16 22:51:59,001 ERROR [Log] Class Utils | Method takeScreenshot | Exception occured while capturing ScreenShot : null 
2017-11-16 22:51:59,001 ERROR [Log]  
2017-11-16 22:51:59,005 INFO  [Log] XXXXXXXXXXXXXXXXXXXXXXX             -E---N---D-             XXXXXXXXXXXXXXXXXXXXXX 
2017-11-16 22:51:59,005 INFO  [Log] X 
2017-11-16 22:51:59,005 INFO  [Log] X 
2017-11-16 22:51:59,005 INFO  [Log] X 
2017-11-16 22:51:59,005 INFO  [Log] X 
2017-11-16 22:53:08,657 INFO  [Log] **************************************************************************************** 
2017-11-16 22:53:08,657 INFO  [Log] **************************************************************************************** 
2017-11-16 22:53:08,657 INFO  [Log] $$$$$$$$$$$$$$$$$$$$$                 Framework_001       $$$$$$$$$$$$$$$$$$$$$$$$$ 
2017-11-16 22:53:08,657 INFO  [Log] **************************************************************************************** 
2017-11-16 22:53:08,657 INFO  [Log] **************************************************************************************** 
2017-11-16 22:53:09,273 INFO  [Log] Excel sheet opened 
2017-11-16 22:53:09,273 INFO  [Log] Total number of Row used return as < 2 >. 
2017-11-16 22:53:09,396 ERROR [Log] Class Utils | Method OpenBrowser | Exception desc : The path to the driver executable must be set by the webdriver.gecko.driver system property; for more information, see https://github.com/mozilla/geckodriver. The latest version can be downloaded from https://github.com/mozilla/geckodriver/releases 
2017-11-16 22:53:09,404 ERROR [Log] My Acocunt link is not found on the Home Page 
2017-11-16 22:53:09,474 ERROR [Log] Class Utils | Method takeScreenshot | Exception occured while capturing ScreenShot : null 
2017-11-16 22:53:09,478 INFO  [Log] XXXXXXXXXXXXXXXXXXXXXXX             -E---N---D-             XXXXXXXXXXXXXXXXXXXXXX 
2017-11-16 22:53:09,478 INFO  [Log] X 
2017-11-16 22:53:09,478 INFO  [Log] X 
2017-11-16 22:53:09,478 INFO  [Log] X 
2017-11-16 22:53:09,478 INFO  [Log] X 
2017-11-16 22:54:57,782 INFO  [Log] **************************************************************************************** 
2017-11-16 22:54:57,782 INFO  [Log] **************************************************************************************** 
2017-11-16 22:54:57,782 INFO  [Log] $$$$$$$$$$$$$$$$$$$$$                 Framework_001       $$$$$$$$$$$$$$$$$$$$$$$$$ 
2017-11-16 22:54:57,782 INFO  [Log] **************************************************************************************** 
2017-11-16 22:54:57,783 INFO  [Log] **************************************************************************************** 
2017-11-16 22:54:58,341 INFO  [Log] Excel sheet opened 
2017-11-16 22:54:58,342 INFO  [Log] Total number of Row used return as < 2 >. 
2017-11-16 22:54:58,521 ERROR [Log] Class Utils | Method OpenBrowser | Exception desc : The path to the driver executable must be set by the webdriver.gecko.driver system property; for more information, see https://github.com/mozilla/geckodriver. The latest version can be downloaded from https://github.com/mozilla/geckodriver/releases 
2017-11-16 22:54:58,529 ERROR [Log] My Acocunt link is not found on the Home Page 
2017-11-16 22:54:58,597 ERROR [Log] Class Utils | Method takeScreenshot | Exception occured while capturing ScreenShot : null 
2017-11-16 22:54:58,600 INFO  [Log] XXXXXXXXXXXXXXXXXXXXXXX             -E---N---D-             XXXXXXXXXXXXXXXXXXXXXX 
2017-11-16 22:54:58,600 INFO  [Log] X 
2017-11-16 22:54:58,600 INFO  [Log] X 
2017-11-16 22:54:58,600 INFO  [Log] X 
2017-11-16 22:54:58,600 INFO  [Log] X 
2017-11-16 22:56:22,063 INFO  [Log] **************************************************************************************** 
2017-11-16 22:56:22,064 INFO  [Log] **************************************************************************************** 
2017-11-16 22:56:22,064 INFO  [Log] $$$$$$$$$$$$$$$$$$$$$                 Framework_001       $$$$$$$$$$$$$$$$$$$$$$$$$ 
2017-11-16 22:56:22,064 INFO  [Log] **************************************************************************************** 
2017-11-16 22:56:22,064 INFO  [Log] **************************************************************************************** 
2017-11-16 22:56:22,628 INFO  [Log] Excel sheet opened 
2017-11-16 22:56:22,628 INFO  [Log] Total number of Row used return as < 2 >. 
2017-11-16 22:56:22,741 ERROR [Log] Class Utils | Method OpenBrowser | Exception desc : The path to the driver executable must be set by the webdriver.gecko.driver system property; for more information, see https://github.com/mozilla/geckodriver. The latest version can be downloaded from https://github.com/mozilla/geckodriver/releases 
2017-11-16 22:56:22,750 ERROR [Log] My Acocunt link is not found on the Home Page 
2017-11-16 22:56:22,818 ERROR [Log] Class Utils | Method takeScreenshot | Exception occured while capturing ScreenShot : null 
2017-11-16 22:56:22,822 INFO  [Log] XXXXXXXXXXXXXXXXXXXXXXX             -E---N---D-             XXXXXXXXXXXXXXXXXXXXXX 
2017-11-16 22:56:22,823 INFO  [Log] X 
2017-11-16 22:56:22,823 INFO  [Log] X 
2017-11-16 22:56:22,823 INFO  [Log] X 
2017-11-16 22:56:22,823 INFO  [Log] X 
2017-11-16 22:59:17,288 INFO  [Log] **************************************************************************************** 
2017-11-16 22:59:17,288 INFO  [Log] **************************************************************************************** 
2017-11-16 22:59:17,288 INFO  [Log] $$$$$$$$$$$$$$$$$$$$$                 Framework_001       $$$$$$$$$$$$$$$$$$$$$$$$$ 
2017-11-16 22:59:17,288 INFO  [Log] **************************************************************************************** 
2017-11-16 22:59:17,288 INFO  [Log] **************************************************************************************** 
2017-11-16 22:59:17,812 INFO  [Log] Excel sheet opened 
2017-11-16 22:59:17,812 INFO  [Log] Total number of Row used return as < 2 >. 
2017-11-16 22:59:17,926 ERROR [Log] Class Utils | Method OpenBrowser | Exception desc : The path to the driver executable must be set by the webdriver.gecko.driver system property; for more information, see https://github.com/mozilla/geckodriver. The latest version can be downloaded from https://github.com/mozilla/geckodriver/releases 
2017-11-16 22:59:17,936 ERROR [Log] My Acocunt link is not found on the Home Page 
2017-11-16 22:59:18,037 ERROR [Log]  
2017-11-16 22:59:18,041 INFO  [Log] XXXXXXXXXXXXXXXXXXXXXXX             -E---N---D-             XXXXXXXXXXXXXXXXXXXXXX 
2017-11-16 22:59:18,041 INFO  [Log] X 
2017-11-16 22:59:18,041 INFO  [Log] X 
2017-11-16 22:59:18,041 INFO  [Log] X 
2017-11-16 22:59:18,041 INFO  [Log] X 
2017-11-16 23:01:23,336 INFO  [Log] **************************************************************************************** 
2017-11-16 23:01:23,336 INFO  [Log] **************************************************************************************** 
2017-11-16 23:01:23,336 INFO  [Log] $$$$$$$$$$$$$$$$$$$$$                 Framework_001       $$$$$$$$$$$$$$$$$$$$$$$$$ 
2017-11-16 23:01:23,336 INFO  [Log] **************************************************************************************** 
2017-11-16 23:01:23,336 INFO  [Log] **************************************************************************************** 
2017-11-16 23:01:23,892 INFO  [Log] Excel sheet opened 
2017-11-16 23:01:23,893 INFO  [Log] Total number of Row used return as < 2 >. 
2017-11-16 23:01:24,021 ERROR [Log] Class Utils | Method OpenBrowser | Exception desc : The path to the driver executable must be set by the webdriver.gecko.driver system property; for more information, see https://github.com/mozilla/geckodriver. The latest version can be downloaded from https://github.com/mozilla/geckodriver/releases 
2017-11-16 23:01:24,030 ERROR [Log] My Acocunt link is not found on the Home Page 
2017-11-16 23:01:24,103 ERROR [Log]  
2017-11-16 23:01:24,106 INFO  [Log] XXXXXXXXXXXXXXXXXXXXXXX             -E---N---D-             XXXXXXXXXXXXXXXXXXXXXX 
2017-11-16 23:01:24,107 INFO  [Log] X 
2017-11-16 23:01:24,107 INFO  [Log] X 
2017-11-16 23:01:24,107 INFO  [Log] X 
2017-11-16 23:01:24,107 INFO  [Log] X 
2017-11-16 23:03:12,667 INFO  [Log] **************************************************************************************** 
2017-11-16 23:03:12,668 INFO  [Log] **************************************************************************************** 
2017-11-16 23:03:12,668 INFO  [Log] $$$$$$$$$$$$$$$$$$$$$                 Framework_001       $$$$$$$$$$$$$$$$$$$$$$$$$ 
2017-11-16 23:03:12,668 INFO  [Log] **************************************************************************************** 
2017-11-16 23:03:12,668 INFO  [Log] **************************************************************************************** 
2017-11-16 23:03:13,236 INFO  [Log] Excel sheet opened 
2017-11-16 23:03:13,237 INFO  [Log] Total number of Row used return as < 2 >. 
2017-11-16 23:03:13,362 ERROR [Log] Class Utils | Method OpenBrowser | Exception desc : The path to the driver executable must be set by the webdriver.gecko.driver system property; for more information, see https://github.com/mozilla/geckodriver. The latest version can be downloaded from https://github.com/mozilla/geckodriver/releases 
2017-11-16 23:03:13,370 ERROR [Log] My Acocunt link is not found on the Home Page 
2017-11-16 23:03:13,437 ERROR [Log]  
2017-11-16 23:03:13,441 INFO  [Log] XXXXXXXXXXXXXXXXXXXXXXX             -E---N---D-             XXXXXXXXXXXXXXXXXXXXXX 
2017-11-16 23:03:13,441 INFO  [Log] X 
2017-11-16 23:03:13,441 INFO  [Log] X 
2017-11-16 23:03:13,441 INFO  [Log] X 
2017-11-16 23:03:13,441 INFO  [Log] X 
2017-11-16 23:33:56,140 INFO  [Log] **************************************************************************************** 
2017-11-16 23:33:56,141 INFO  [Log] **************************************************************************************** 
2017-11-16 23:33:56,141 INFO  [Log] $$$$$$$$$$$$$$$$$$$$$                 Framework_001       $$$$$$$$$$$$$$$$$$$$$$$$$ 
2017-11-16 23:33:56,141 INFO  [Log] **************************************************************************************** 
2017-11-16 23:33:56,141 INFO  [Log] **************************************************************************************** 
2017-11-16 23:33:56,671 INFO  [Log] Excel sheet opened 
2017-11-16 23:33:56,671 INFO  [Log] Total number of Row used return as < 2 >. 
2017-11-16 23:34:00,531 INFO  [Log] New driver instantiated 
2017-11-16 23:34:00,557 INFO  [Log] Implicit wait applied on the driver for 10 seconds 
2017-11-16 23:34:01,002 ERROR [Log] Class Utils | Method OpenBrowser | Exception desc : Reached error page: about:neterror?e=dnsNotFound&u=http%3A//www.onlinestore.toolsqa.com/&c=UTF-8&f=regular&d=Firefox%20can%E2%80%99t%20find%20the%20server%20at%20www.onlinestore.toolsqa.com.
Build info: version: '3.7.1', revision: '8a0099a', time: '2017-11-06T21:01:39.354Z'
System info: host: 'raga', ip: '127.0.1.1', os.name: 'Linux', os.arch: 'amd64', os.version: '4.9.38-1-MANJARO', java.version: '1.8.0_144'
Driver info: org.openqa.selenium.firefox.FirefoxDriver
Capabilities {acceptInsecureCerts: true, browserName: firefox, browserVersion: 56.0.2, javascriptEnabled: true, moz:accessibilityChecks: false, moz:headless: false, moz:processID: 28866, moz:profile: /tmp/rust_mozprofile.BpA2pl..., pageLoadStrategy: normal, platform: LINUX, platformName: LINUX, platformVersion: 4.9.38-1-MANJARO, rotatable: false, specificationLevel: 0, timeouts: {implicit: 0, pageLoad: 300000, script: 30000}}
Session ID: f21e8429-1f9c-42e5-8db5-c118bae2b796 
2017-11-16 23:34:21,065 ERROR [Log] My Acocunt link is not found on the Home Page 
2017-11-16 23:34:21,244 ERROR [Log] Unable to locate element: .//*[@id='account']/a
For documentation on this error, please visit: http://seleniumhq.org/exceptions/no_such_element.html
Build info: version: '3.7.1', revision: '8a0099a', time: '2017-11-06T21:01:39.354Z'
System info: host: 'raga', ip: '127.0.1.1', os.name: 'Linux', os.arch: 'amd64', os.version: '4.9.38-1-MANJARO', java.version: '1.8.0_144'
Driver info: org.openqa.selenium.firefox.FirefoxDriver
Capabilities {acceptInsecureCerts: true, browserName: firefox, browserVersion: 56.0.2, javascriptEnabled: true, moz:accessibilityChecks: false, moz:headless: false, moz:processID: 28866, moz:profile: /tmp/rust_mozprofile.BpA2pl..., pageLoadStrategy: normal, platform: LINUX, platformName: LINUX, platformVersion: 4.9.38-1-MANJARO, rotatable: false, specificationLevel: 0, timeouts: {implicit: 0, pageLoad: 300000, script: 30000}}
Session ID: f21e8429-1f9c-42e5-8db5-c118bae2b796
*** Element info: {Using=xpath, value=.//*[@id='account']/a} 
2017-11-16 23:34:21,249 INFO  [Log] XXXXXXXXXXXXXXXXXXXXXXX             -E---N---D-             XXXXXXXXXXXXXXXXXXXXXX 
2017-11-16 23:34:21,249 INFO  [Log] X 
2017-11-16 23:34:21,249 INFO  [Log] X 
2017-11-16 23:34:21,249 INFO  [Log] X 
2017-11-16 23:34:21,249 INFO  [Log] X 
2017-11-16 23:35:59,881 INFO  [Log] **************************************************************************************** 
2017-11-16 23:35:59,881 INFO  [Log] **************************************************************************************** 
2017-11-16 23:35:59,882 INFO  [Log] $$$$$$$$$$$$$$$$$$$$$                 Framework_001       $$$$$$$$$$$$$$$$$$$$$$$$$ 
2017-11-16 23:35:59,882 INFO  [Log] **************************************************************************************** 
2017-11-16 23:35:59,882 INFO  [Log] **************************************************************************************** 
2017-11-16 23:36:00,536 INFO  [Log] Excel sheet opened 
2017-11-16 23:36:00,536 INFO  [Log] Total number of Row used return as < 2 >. 
2017-11-16 23:36:04,232 INFO  [Log] New driver instantiated 
2017-11-16 23:36:04,297 INFO  [Log] Implicit wait applied on the driver for 10 seconds 
2017-11-16 23:36:04,512 ERROR [Log] Class Utils | Method OpenBrowser | Exception desc : Reached error page: about:neterror?e=dnsNotFound&u=http%3A//www.onlinestore.toolsqa.com/&c=UTF-8&f=regular&d=Firefox%20can%E2%80%99t%20find%20the%20server%20at%20www.onlinestore.toolsqa.com.
Build info: version: '3.7.1', revision: '8a0099a', time: '2017-11-06T21:01:39.354Z'
System info: host: 'raga', ip: '127.0.1.1', os.name: 'Linux', os.arch: 'amd64', os.version: '4.9.38-1-MANJARO', java.version: '1.8.0_144'
Driver info: org.openqa.selenium.firefox.FirefoxDriver
Capabilities {acceptInsecureCerts: true, browserName: firefox, browserVersion: 56.0.2, javascriptEnabled: true, moz:accessibilityChecks: false, moz:headless: false, moz:processID: 29133, moz:profile: /tmp/rust_mozprofile.jDpwBy..., pageLoadStrategy: normal, platform: LINUX, platformName: LINUX, platformVersion: 4.9.38-1-MANJARO, rotatable: false, specificationLevel: 0, timeouts: {implicit: 0, pageLoad: 300000, script: 30000}}
Session ID: 71cdeb0e-dfdc-4fe6-9b16-b8970eb1a2ca 
2017-11-16 23:36:17,491 ERROR [Log] My Acocunt link is not found on the Home Page 
2017-11-16 23:36:17,629 ERROR [Log] Failed to find value field
Build info: version: '3.7.1', revision: '8a0099a', time: '2017-11-06T21:01:39.354Z'
System info: host: 'raga', ip: '127.0.1.1', os.name: 'Linux', os.arch: 'amd64', os.version: '4.9.38-1-MANJARO', java.version: '1.8.0_144'
Driver info: org.openqa.selenium.firefox.FirefoxDriver
Capabilities {acceptInsecureCerts: true, browserName: firefox, browserVersion: 56.0.2, javascriptEnabled: true, moz:accessibilityChecks: false, moz:headless: false, moz:processID: 29133, moz:profile: /tmp/rust_mozprofile.jDpwBy..., pageLoadStrategy: normal, platform: LINUX, platformName: LINUX, platformVersion: 4.9.38-1-MANJARO, rotatable: false, specificationLevel: 0, timeouts: {implicit: 0, pageLoad: 300000, script: 30000}}
Session ID: 71cdeb0e-dfdc-4fe6-9b16-b8970eb1a2ca
*** Element info: {Using=xpath, value=.//*[@id='account']/a} 
2017-11-16 23:36:17,633 INFO  [Log] XXXXXXXXXXXXXXXXXXXXXXX             -E---N---D-             XXXXXXXXXXXXXXXXXXXXXX 
2017-11-16 23:36:17,634 INFO  [Log] X 
2017-11-16 23:36:17,634 INFO  [Log] X 
2017-11-16 23:36:17,634 INFO  [Log] X 
2017-11-16 23:36:17,634 INFO  [Log] X 
